#
# A fatal error has been detected by the Java Runtime Environment:
#
#  EXCEPTION_ACCESS_VIOLATION (0xc0000005) at pc=0x00007ffd7157eab6, pid=6800, tid=2816
#
# JRE version: OpenJDK Runtime Environment (21.0.9) (build 21.0.9+-14787801-b1163.94)
# Java VM: OpenJDK 64-Bit Server VM (21.0.9+-14787801-b1163.94, mixed mode, tiered, compressed oops, compressed class ptrs, g1 gc, windows-amd64)
# Problematic frame:
# V  [jvm.dll+0x6deab6]
#
# No core dump will be written. Minidumps are not enabled by default on client versions of Windows
#
# If you would like to submit a bug report, please visit:
#   https://youtrack.jetbrains.com/issues/JBR
#

---------------  S U M M A R Y ------------

Command Line: --add-opens=java.base/java.lang=ALL-UNNAMED --add-opens=java.base/java.lang.invoke=ALL-UNNAMED --add-opens=java.base/java.util=ALL-UNNAMED --add-opens=java.prefs/java.util.prefs=ALL-UNNAMED --add-exports=jdk.compiler/com.sun.tools.javac.api=ALL-UNNAMED --add-exports=jdk.compiler/com.sun.tools.javac.util=ALL-UNNAMED --add-opens=java.base/java.util=ALL-UNNAMED --add-opens=java.prefs/java.util.prefs=ALL-UNNAMED --add-opens=java.base/java.nio.charset=ALL-UNNAMED --add-opens=java.base/java.net=ALL-UNNAMED --add-opens=java.base/java.util.concurrent=ALL-UNNAMED --add-opens=java.base/java.util.concurrent.atomic=ALL-UNNAMED --add-opens=java.xml/javax.xml.namespace=ALL-UNNAMED --add-opens=java.base/java.time=ALL-UNNAMED -Xmx2048m -Dfile.encoding=UTF-8 -Duser.country=IN -Duser.language=en -Duser.variant -javaagent:C:\Users\PC\.gradle\wrapper\dists\gradle-9.3.1-bin\23ovyewtku6u96viwx3xl3oks\gradle-9.3.1\lib\agents\gradle-instrumentation-agent-9.3.1.jar org.gradle.launcher.daemon.bootstrap.GradleDaemon 9.3.1

Host: Intel(R) Core(TM) i5-6400 CPU @ 2.70GHz, 4 cores, 7G,  Windows 10 , 64 bit Build 19041 (10.0.19041.5915)
Time: Thu Mar 26 15:13:53 2026 India Standard Time elapsed time: 4.191060 seconds (0d 0h 0m 4s)

---------------  T H R E A D  ---------------

Current thread (0x0000016cbcbd7510):  JavaThread "C2 CompilerThread1" daemon [_thread_in_native, id=2816, stack(0x0000001496900000,0x0000001496a00000) (1024K)]


Current CompileTask:
C2:4191 3555       4       java.lang.invoke.InvokerBytecodeGenerator::<init> (80 bytes)

Stack: [0x0000001496900000,0x0000001496a00000],  sp=0x00000014969fc5a0,  free space=1009k
Native frames: (J=compiled Java code, j=interpreted, Vv=VM code, C=native code)
V  [jvm.dll+0x6deab6]
V  [jvm.dll+0x721518]
V  [jvm.dll+0x1dfbc0]
V  [jvm.dll+0x2495b4]
V  [jvm.dll+0x248a31]
V  [jvm.dll+0x1c7344]
V  [jvm.dll+0x2581ae]
V  [jvm.dll+0x2566f6]
V  [jvm.dll+0x3f48a6]
V  [jvm.dll+0x80f118]
V  [jvm.dll+0x6d54ed]
C  [ucrtbase.dll+0x21bb2]
C  [KERNEL32.DLL+0x17374]
C  [ntdll.dll+0x4cc91]


siginfo: EXCEPTION_ACCESS_VIOLATION (0xc0000005), reading address 0x0000016c00000019


Registers:
RAX=0x0000016c00000001, RBX=0x00000014969fd0c0, RCX=0x0000016cc40e3500, RDX=0x0000016cc40e2b40
RSP=0x00000014969fc5a0, RBP=0x00000014969fc6a0, RSI=0x0000016c00002900, RDI=0x0000016cc5db7c70
R8 =0x000000000000032e, R9 =0x000000000000032e, R10=0x0000000000000008, R11=0x5555555555555555
R12=0x0000000000000000, R13=0x0000000000000001, R14=0x0000016cc40e2b40, R15=0x0000016cc40e3500
RIP=0x00007ffd7157eab6, EFLAGS=0x0000000000010246

XMM[0]=0x0000000000000000 0x0000000000000000
XMM[1]=0x0000000000000000 0x0000000000000000
XMM[2]=0x0000016cc4510828 0x0000016cc45106c8
XMM[3]=0x0000016cc4510bb8 0x0000016cc4510ad8
XMM[4]=0x0000016cc4510fd8 0x0000016cc4510ee8
XMM[5]=0x0000016cc4514458 0x0000016cc4514368
XMM[6]=0x0000000000000000 0x00000014969fce10
XMM[7]=0x0000016cc1969538 0x000003a500000000
XMM[8]=0x0000000000000000 0x4087700000000000
XMM[9]=0x0000000000000000 0x0000000000000000
XMM[10]=0x0000000000000000 0x0000000000000000
XMM[11]=0x0000000000000000 0x0000000000000000
XMM[12]=0x0000000000000000 0x0000000000000000
XMM[13]=0x0000000000000000 0x0000000000000000
XMM[14]=0x0000000000000000 0x0000000000000000
XMM[15]=0x0000000000000000 0x0000000000000000
  MXCSR=0x00001fa0


Register to memory mapping:

RAX=0x0000016c00000001 is an unknown value
RBX=0x00000014969fd0c0 is pointing into the stack for thread: 0x0000016cbcbd7510
RCX=0x0000016cc40e3500 points into unknown readable memory: 0x0000016cc454bf08 | 08 bf 54 c4 6c 01 00 00
RDX=0x0000016cc40e2b40 points into unknown readable memory: 0x00007ffd717ace68 | 68 ce 7a 71 fd 7f 00 00
RSP=0x00000014969fc5a0 is pointing into the stack for thread: 0x0000016cbcbd7510
RBP=0x00000014969fc6a0 is pointing into the stack for thread: 0x0000016cbcbd7510
RSI=0x0000016c00002900 is an unknown value
RDI=0x0000016cc5db7c70 points into unknown readable memory: 0x3eb929e295119c37 | 37 9c 11 95 e2 29 b9 3e
R8 =0x000000000000032e is an unknown value
R9 =0x000000000000032e is an unknown value
R10=0x0000000000000008 is an unknown value
R11=0x5555555555555555 is an unknown value
R12=0x0 is null
R13=0x0000000000000001 is an unknown value
R14=0x0000016cc40e2b40 points into unknown readable memory: 0x00007ffd717ace68 | 68 ce 7a 71 fd 7f 00 00
R15=0x0000016cc40e3500 points into unknown readable memory: 0x0000016cc454bf08 | 08 bf 54 c4 6c 01 00 00

Top of Stack: (sp=0x00000014969fc5a0)
0x00000014969fc5a0:   0000000000000d04 00007ffd6900d3ba
0x00000014969fc5b0:   0000016cc5a85650 0000016c02000002
0x00000014969fc5c0:   0000016ca3610000 0000000000000000
0x00000014969fc5d0:   0000016c000003ff 0000000000000d04
0x00000014969fc5e0:   0000000000000000 0000000000000000
0x00000014969fc5f0:   0000000000008020 0000000000008010
0x00000014969fc600:   0000000000000001 0000016ca3610000
0x00000014969fc610:   0000000000000010 00007ffddce3ebbb
0x00000014969fc620:   00000014969fc728 000000006900d3ba
0x00000014969fc630:   00000014969fe830 0000000002000002
0x00000014969fc640:   0000000000001000 00007ffd10001000
0x00000014969fc650:   0000000000000ffe 0000016ca3610150
0x00000014969fc660:   0000000000000ffe 0000000000000ffe
0x00000014969fc670:   0000000000000ffe 0000016c00000404
0x00000014969fc680:   0000016ca3617c20 00007ffddf38e249
0x00000014969fc690:   0000016ca3617c20 0000016cc450d0e0
0x00000014969fc6a0:   0000000000000001 00007ffd000003ff
0x00000014969fc6b0:   0000000000000ffe 00007ffd70f6090f
0x00000014969fc6c0:   0000000000000ffe 00007ffddf38ead2
0x00000014969fc6d0:   0000016cc59be070 00007ffd70f6090f
0x00000014969fc6e0:   0000016cc2fb4a88 00007ffd715548ba
0x00000014969fc6f0:   0000000000000010 0000000000000002
0x00000014969fc700:   0000000000000008 0000016cc4514458
0x00000014969fc710:   0000000000000000 0000000000000001
0x00000014969fc720:   0000016cc2fb4a88 00007ffd714b9d91
0x00000014969fc730:   0000016cc2fb4d00 00000014969fd0c0
0x00000014969fc740:   0000000000000007 0000000000000000
0x00000014969fc750:   0000016cc40e21e0 00007ffd71551f2f
0x00000014969fc760:   0000016cc2fb4d00 0000016cc40e21e0
0x00000014969fc770:   0000000000000001 00007ffd715c340b
0x00000014969fc780:   0000016cc407e3a0 00007ffd70f282fc
0x00000014969fc790:   0000016cc2fb4d00 0000000000000001 

Instructions: (pc=0x00007ffd7157eab6)
0x00007ffd7157e9b6:   d2 8d 4a 10 e8 71 e8 04 00 48 85 c0 74 3b 48 8d
0x00007ffd7157e9c6:   0d 9d 86 26 00 48 8d 15 ce 8b 45 00 48 8b 14 da
0x00007ffd7157e9d6:   48 89 08 48 8d 0d a0 47 51 00 2b d1 ff ca c1 e2
0x00007ffd7157e9e6:   05 0b d6 83 ca 10 89 50 08 48 8b 5c 24 38 48 8b
0x00007ffd7157e9f6:   6c 24 40 48 83 c4 20 5e c3 48 8b 5c 24 38 48 8b
0x00007ffd7157ea06:   6c 24 40 48 83 c4 20 5e c3 33 d2 48 89 7c 24 30
0x00007ffd7157ea16:   8d 4a 10 e8 12 e8 04 00 48 8b f8 48 85 c0 74 22
0x00007ffd7157ea26:   8b d3 48 8b cd e8 80 54 04 00 c1 f8 02 48 8d 0d
0x00007ffd7157ea36:   2e 86 26 00 c1 e0 05 0b c6 48 89 0f 89 47 08 48
0x00007ffd7157ea46:   8b c7 48 8b 7c 24 30 48 8b 5c 24 38 48 8b 6c 24
0x00007ffd7157ea56:   40 48 83 c4 20 5e c3 cc cc cc 48 89 5c 24 18 48
0x00007ffd7157ea66:   89 74 24 20 55 57 41 54 41 56 41 57 48 8d ac 24
0x00007ffd7157ea76:   b0 fe ff ff 48 81 ec 50 02 00 00 48 8b 05 60 64
0x00007ffd7157ea86:   48 00 48 33 c4 48 89 85 40 01 00 00 48 8b 81 30
0x00007ffd7157ea96:   02 00 00 45 33 e4 48 8b b1 38 02 00 00 0f 57 c0
0x00007ffd7157eaa6:   0f 57 c9 c6 81 44 02 00 00 01 4c 8b f2 4c 8b f9
0x00007ffd7157eab6:   48 8b 78 18 48 8d 4d 68 8b de 4c 89 64 24 38 45
0x00007ffd7157eac6:   33 c0 66 0f 7f 44 24 40 33 d2 66 0f 7f 4c 24 50
0x00007ffd7157ead6:   2b df 66 0f 7f 44 24 60 4c 89 64 24 70 66 44 89
0x00007ffd7157eae6:   64 24 78 44 89 64 24 7c 66 0f 7f 45 90 66 0f 7f
0x00007ffd7157eaf6:   4d a0 66 0f 7f 45 b0 66 0f 7f 4d c0 66 44 89 65
0x00007ffd7157eb06:   d0 44 89 65 d4 4c 89 65 e8 66 0f 7f 45 f0 66 0f
0x00007ffd7157eb16:   7f 4d 00 66 0f 7f 45 10 4c 89 65 20 66 44 89 65
0x00007ffd7157eb26:   28 44 89 65 2c e8 00 5a fe ff 45 8b 87 40 02 00
0x00007ffd7157eb36:   00 48 8d 05 f2 64 25 00 48 89 44 24 30 48 8d 54
0x00007ffd7157eb46:   24 38 48 8d 44 24 30 4c 89 a5 c8 00 00 00 48 89
0x00007ffd7157eb56:   45 88 48 8d 4c 24 30 48 8d 44 24 30 4c 89 a5 d0
0x00007ffd7157eb66:   00 00 00 48 89 45 e0 0f 57 c0 48 8d 44 24 30 66
0x00007ffd7157eb76:   0f 7f 45 40 48 89 45 38 48 63 c3 48 03 c7 44 88
0x00007ffd7157eb86:   a5 e8 00 00 00 48 89 45 a8 48 8d 45 68 48 89 45
0x00007ffd7157eb96:   60 4c 89 a5 d8 00 00 00 4c 89 a5 e0 00 00 00 44
0x00007ffd7157eba6:   88 65 80 c6 45 d8 01 c6 45 30 02 c7 85 ec 00 00 


Stack slot to memory mapping:

stack at sp + 0 slots: 0x0000000000000d04 is an unknown value
stack at sp + 1 slots: 0x00007ffd6900d3ba is an unknown value
stack at sp + 2 slots: 0x0000016cc5a85650 points into unknown readable memory: 0x742f736b7361742f | 2f 74 61 73 6b 73 2f 74
stack at sp + 3 slots: 0x0000016c02000002 is an unknown value
stack at sp + 4 slots: 0x0000016ca3610000 points into unknown readable memory: 0x0000000000000000 | 00 00 00 00 00 00 00 00
stack at sp + 5 slots: 0x0 is null
stack at sp + 6 slots: 0x0000016c000003ff is an unknown value
stack at sp + 7 slots: 0x0000000000000d04 is an unknown value


---------------  P R O C E S S  ---------------

Threads class SMR info:
_java_thread_list=0x0000016cc63fbcb0, length=31, elements={
0x0000016ca58c1090, 0x0000016cbc907d20, 0x0000016cbc90b0a0, 0x0000016cbc90bb00,
0x0000016cbc93cce0, 0x0000016cbc94d9b0, 0x0000016cbc94e410, 0x0000016cbc90cd70,
0x0000016cbc90db00, 0x0000016cbc950e80, 0x0000016cbcbd4780, 0x0000016cbcbd7510,
0x0000016cbcbd4e10, 0x0000016cbcbd54a0, 0x0000016cbcbd2d40, 0x0000016cbcbd33d0,
0x0000016cbcbd5b30, 0x0000016cbcbd3a60, 0x0000016cbcbd61c0, 0x0000016cc36c40c0,
0x0000016cc36c6eb0, 0x0000016cc36c1ff0, 0x0000016cc36c12d0, 0x0000016cc36c2680,
0x0000016cc36c1960, 0x0000016cc36c2d10, 0x0000016cc36c5b00, 0x0000016cc36c3a30,
0x0000016cc36c6820, 0x0000016cc36c6190, 0x0000016cc36bff20
}

Java Threads: ( => current thread )
  0x0000016ca58c1090 JavaThread "main"                              [_thread_blocked, id=4204, stack(0x0000001495700000,0x0000001495800000) (1024K)]
  0x0000016cbc907d20 JavaThread "Common-Cleaner"             daemon [_thread_blocked, id=6108, stack(0x0000001495f00000,0x0000001496000000) (1024K)]
  0x0000016cbc90b0a0 JavaThread "Reference Handler"          daemon [_thread_blocked, id=6296, stack(0x0000001496000000,0x0000001496100000) (1024K)]
  0x0000016cbc90bb00 JavaThread "Finalizer"                  daemon [_thread_blocked, id=8136, stack(0x0000001496100000,0x0000001496200000) (1024K)]
  0x0000016cbc93cce0 JavaThread "Signal Dispatcher"          daemon [_thread_blocked, id=7552, stack(0x0000001496200000,0x0000001496300000) (1024K)]
  0x0000016cbc94d9b0 JavaThread "Attach Listener"            daemon [_thread_blocked, id=5612, stack(0x0000001496300000,0x0000001496400000) (1024K)]
  0x0000016cbc94e410 JavaThread "Service Thread"             daemon [_thread_blocked, id=1216, stack(0x0000001496400000,0x0000001496500000) (1024K)]
  0x0000016cbc90cd70 JavaThread "Monitor Deflation Thread"   daemon [_thread_blocked, id=8624, stack(0x0000001496500000,0x0000001496600000) (1024K)]
  0x0000016cbc90db00 JavaThread "C2 CompilerThread0"         daemon [_thread_in_native, id=1308, stack(0x0000001496600000,0x0000001496700000) (1024K)]
  0x0000016cbc950e80 JavaThread "C1 CompilerThread0"         daemon [_thread_blocked, id=8772, stack(0x0000001496700000,0x0000001496800000) (1024K)]
  0x0000016cbcbd4780 JavaThread "Notification Thread"        daemon [_thread_blocked, id=8780, stack(0x0000001496800000,0x0000001496900000) (1024K)]
=>0x0000016cbcbd7510 JavaThread "C2 CompilerThread1"         daemon [_thread_in_native, id=2816, stack(0x0000001496900000,0x0000001496a00000) (1024K)]
  0x0000016cbcbd4e10 JavaThread "Daemon health stats"               [_thread_blocked, id=3352, stack(0x0000001496d00000,0x0000001496e00000) (1024K)]
  0x0000016cbcbd54a0 JavaThread "Incoming local TCP Connector on port 50238"        [_thread_in_native, id=7128, stack(0x0000001496e00000,0x0000001496f00000) (1024K)]
  0x0000016cbcbd2d40 JavaThread "Daemon periodic checks"            [_thread_blocked, id=10308, stack(0x0000001496f00000,0x0000001497000000) (1024K)]
  0x0000016cbcbd33d0 JavaThread "Daemon"                            [_thread_blocked, id=9804, stack(0x0000001497000000,0x0000001497100000) (1024K)]
  0x0000016cbcbd5b30 JavaThread "Handler for socket connection from /127.0.0.1:50238 to /127.0.0.1:50239"        [_thread_in_native, id=9816, stack(0x0000001497100000,0x0000001497200000) (1024K)]
  0x0000016cbcbd3a60 JavaThread "Cancel handler"                    [_thread_blocked, id=11928, stack(0x0000001497200000,0x0000001497300000) (1024K)]
  0x0000016cbcbd61c0 JavaThread "Daemon worker"                     [_thread_in_Java, id=9516, stack(0x0000001497300000,0x0000001497400000) (1024K)]
  0x0000016cc36c40c0 JavaThread "Asynchronous log dispatcher for DefaultDaemonConnection: socket connection from /127.0.0.1:50238 to /127.0.0.1:50239"        [_thread_blocked, id=3196, stack(0x0000001497400000,0x0000001497500000) (1024K)]
  0x0000016cc36c6eb0 JavaThread "Stdin handler"                     [_thread_blocked, id=940, stack(0x0000001497500000,0x0000001497600000) (1024K)]
  0x0000016cc36c1ff0 JavaThread "Daemon client event forwarder"        [_thread_blocked, id=7660, stack(0x0000001497600000,0x0000001497700000) (1024K)]
  0x0000016cc36c12d0 JavaThread "Cache worker for journal cache (C:\Users\PC\.gradle\caches\journal-1)"        [_thread_blocked, id=10128, stack(0x0000001497700000,0x0000001497800000) (1024K)]
  0x0000016cc36c2680 JavaThread "File lock request listener"        [_thread_in_native, id=10808, stack(0x0000001497800000,0x0000001497900000) (1024K)]
  0x0000016cc36c1960 JavaThread "Cache worker for file hash cache (C:\Users\PC\.gradle\caches\9.3.1\fileHashes)"        [_thread_blocked, id=5900, stack(0x0000001497900000,0x0000001497a00000) (1024K)]
  0x0000016cc36c2d10 JavaThread "Cache worker for file hash cache (C:\Users\PC\AndroidStudioProjects\MyGIDC2\.gradle\9.3.1\fileHashes)"        [_thread_blocked, id=12076, stack(0x0000001497a00000,0x0000001497b00000) (1024K)]
  0x0000016cc36c5b00 JavaThread "Cache worker for Build Output Cleanup Cache (C:\Users\PC\AndroidStudioProjects\MyGIDC2\.gradle\buildOutputCleanup)"        [_thread_blocked, id=9068, stack(0x0000001497b00000,0x0000001497c00000) (1024K)]
  0x0000016cc36c3a30 JavaThread "File watcher server"        daemon [_thread_in_native, id=13304, stack(0x0000001497c00000,0x0000001497d00000) (1024K)]
  0x0000016cc36c6820 JavaThread "File watcher consumer"      daemon [_thread_blocked, id=5584, stack(0x0000001497d00000,0x0000001497e00000) (1024K)]
  0x0000016cc36c6190 JavaThread "Cache worker for checksums cache (C:\Users\PC\AndroidStudioProjects\MyGIDC2\.gradle\9.3.1\checksums)"        [_thread_blocked, id=12488, stack(0x0000001497e00000,0x0000001497f00000) (1024K)]
  0x0000016cc36bff20 JavaThread "Cache worker for file content cache (C:\Users\PC\.gradle\caches\9.3.1\fileContent)"        [_thread_blocked, id=12616, stack(0x0000001497f00000,0x0000001498000000) (1024K)]
Total: 31

Other Threads:
  0x0000016cbc8bb050 VMThread "VM Thread"                           [id=12084, stack(0x0000001495e00000,0x0000001495f00000) (1024K)]
  0x0000016cbc708510 WatcherThread "VM Periodic Task Thread"        [id=12088, stack(0x0000001495d00000,0x0000001495e00000) (1024K)]
  0x0000016ca5915d80 WorkerThread "GC Thread#0"                     [id=4280, stack(0x0000001495800000,0x0000001495900000) (1024K)]
  0x0000016cc12009b0 WorkerThread "GC Thread#1"                     [id=9152, stack(0x0000001496a00000,0x0000001496b00000) (1024K)]
  0x0000016cc1244290 WorkerThread "GC Thread#2"                     [id=5324, stack(0x0000001496b00000,0x0000001496c00000) (1024K)]
  0x0000016cc1241e00 WorkerThread "GC Thread#3"                     [id=6768, stack(0x0000001496c00000,0x0000001496d00000) (1024K)]
  0x0000016ca5928c40 ConcurrentGCThread "G1 Main Marker"            [id=6192, stack(0x0000001495900000,0x0000001495a00000) (1024K)]
  0x0000016ca59294f0 WorkerThread "G1 Conc#0"                       [id=10544, stack(0x0000001495a00000,0x0000001495b00000) (1024K)]
  0x0000016cbc5ce1b0 ConcurrentGCThread "G1 Refine#0"               [id=4608, stack(0x0000001495b00000,0x0000001495c00000) (1024K)]
  0x0000016cbc5ce9d0 ConcurrentGCThread "G1 Service"                [id=1620, stack(0x0000001495c00000,0x0000001495d00000) (1024K)]
Total: 10

Threads with active compile tasks:
C2 CompilerThread0  4349 3595   !   4       java.lang.reflect.Executable::declaredAnnotations (85 bytes)
C2 CompilerThread1  4349 3555       4       java.lang.invoke.InvokerBytecodeGenerator::<init> (80 bytes)
Total: 2

VM state: not at safepoint (normal execution)

VM Mutex/Monitor currently owned by a thread: None

Heap address: 0x0000000080000000, size: 2048 MB, Compressed Oops mode: 32-bit

CDS archive(s) not mapped
Compressed class space mapped at: 0x0000000100000000-0x0000000140000000, reserved size: 1073741824
Narrow klass base: 0x0000000000000000, Narrow klass shift: 3, Narrow klass range: 0x140000000

GC Precious Log:
 CardTable entry size: 512
 Card Set container configuration: InlinePtr #cards 5 size 8 Array Of Cards #cards 12 size 40 Howl #buckets 4 coarsen threshold 1843 Howl Bitmap #cards 512 size 80 coarsen threshold 460 Card regions per heap region 1 cards per card region 2048
 CPUs: 4 total, 4 available
 Memory: 8072M
 Large Page Support: Disabled
 NUMA Support: Disabled
 Compressed Oops: Enabled (32-bit)
 Heap Region Size: 1M
 Heap Min Capacity: 8M
 Heap Initial Capacity: 128M
 Heap Max Capacity: 2G
 Pre-touch: Disabled
 Parallel Workers: 4
 Concurrent Workers: 1
 Concurrent Refinement Workers: 4
 Periodic GC: Disabled

Heap:
 garbage-first heap   total 71680K, used 61660K [0x0000000080000000, 0x0000000100000000)
  region size 1024K, 39 young (39936K), 4 survivors (4096K)
 Metaspace       used 40347K, committed 41408K, reserved 1114112K
  class space    used 5512K, committed 6016K, reserved 1048576K

Heap Regions: E=young(eden), S=young(survivor), O=old, HS=humongous(starts), HC=humongous(continues), CS=collection set, F=free, TAMS=top-at-mark-start, PB=parsable bottom
|   0|0x0000000080000000, 0x0000000080100000, 0x0000000080100000|100%|HS|  |TAMS 0x0000000080000000| PB 0x0000000080000000| Complete 
|   1|0x0000000080100000, 0x0000000080200000, 0x0000000080200000|100%|HC|  |TAMS 0x0000000080100000| PB 0x0000000080100000| Complete 
|   2|0x0000000080200000, 0x0000000080300000, 0x0000000080300000|100%|HC|  |TAMS 0x0000000080200000| PB 0x0000000080200000| Complete 
|   3|0x0000000080300000, 0x0000000080400000, 0x0000000080400000|100%|HC|  |TAMS 0x0000000080300000| PB 0x0000000080300000| Complete 
|   4|0x0000000080400000, 0x0000000080500000, 0x0000000080500000|100%|HS|  |TAMS 0x0000000080400000| PB 0x0000000080400000| Complete 
|   5|0x0000000080500000, 0x0000000080600000, 0x0000000080600000|100%| O|  |TAMS 0x0000000080500000| PB 0x0000000080500000| Untracked 
|   6|0x0000000080600000, 0x0000000080700000, 0x0000000080700000|100%| O|  |TAMS 0x0000000080600000| PB 0x0000000080600000| Untracked 
|   7|0x0000000080700000, 0x0000000080800000, 0x0000000080800000|100%| O|  |TAMS 0x0000000080700000| PB 0x0000000080700000| Untracked 
|   8|0x0000000080800000, 0x0000000080900000, 0x0000000080900000|100%| O|  |TAMS 0x0000000080800000| PB 0x0000000080800000| Untracked 
|   9|0x0000000080900000, 0x0000000080a00000, 0x0000000080a00000|100%| O|  |TAMS 0x0000000080900000| PB 0x0000000080900000| Untracked 
|  10|0x0000000080a00000, 0x0000000080b00000, 0x0000000080b00000|100%| O|  |TAMS 0x0000000080a00000| PB 0x0000000080a00000| Untracked 
|  11|0x0000000080b00000, 0x0000000080c00000, 0x0000000080c00000|100%| O|  |TAMS 0x0000000080b00000| PB 0x0000000080b00000| Untracked 
|  12|0x0000000080c00000, 0x0000000080d00000, 0x0000000080d00000|100%| O|  |TAMS 0x0000000080c00000| PB 0x0000000080c00000| Untracked 
|  13|0x0000000080d00000, 0x0000000080e00000, 0x0000000080e00000|100%| O|  |TAMS 0x0000000080d00000| PB 0x0000000080d00000| Untracked 
|  14|0x0000000080e00000, 0x0000000080f00000, 0x0000000080f00000|100%| O|  |TAMS 0x0000000080e00000| PB 0x0000000080e00000| Untracked 
|  15|0x0000000080f00000, 0x0000000081000000, 0x0000000081000000|100%| O|  |TAMS 0x0000000080f00000| PB 0x0000000080f00000| Untracked 
|  16|0x0000000081000000, 0x0000000081100000, 0x0000000081100000|100%| O|  |TAMS 0x0000000081000000| PB 0x0000000081000000| Untracked 
|  17|0x0000000081100000, 0x0000000081200000, 0x0000000081200000|100%| O|  |TAMS 0x0000000081100000| PB 0x0000000081100000| Untracked 
|  18|0x0000000081200000, 0x0000000081300000, 0x0000000081300000|100%| O|  |TAMS 0x0000000081200000| PB 0x0000000081200000| Untracked 
|  19|0x0000000081300000, 0x0000000081400000, 0x0000000081400000|100%| O|  |TAMS 0x0000000081300000| PB 0x0000000081300000| Untracked 
|  20|0x0000000081400000, 0x0000000081500000, 0x0000000081500000|100%| O|Cm|TAMS 0x0000000081400000| PB 0x0000000081400000| Complete 
|  21|0x0000000081500000, 0x0000000081558340, 0x0000000081600000| 34%| O|  |TAMS 0x0000000081500000| PB 0x0000000081500000| Untracked 
|  22|0x0000000081600000, 0x0000000081600000, 0x0000000081700000|  0%| F|  |TAMS 0x0000000081600000| PB 0x0000000081600000| Untracked 
|  23|0x0000000081700000, 0x0000000081800000, 0x0000000081800000|100%| O|  |TAMS 0x0000000081700000| PB 0x0000000081700000| Untracked 
|  24|0x0000000081800000, 0x0000000081800000, 0x0000000081900000|  0%| F|  |TAMS 0x0000000081800000| PB 0x0000000081800000| Untracked 
|  25|0x0000000081900000, 0x0000000081900000, 0x0000000081a00000|  0%| F|  |TAMS 0x0000000081900000| PB 0x0000000081900000| Untracked 
|  26|0x0000000081a00000, 0x0000000081a00000, 0x0000000081b00000|  0%| F|  |TAMS 0x0000000081a00000| PB 0x0000000081a00000| Untracked 
|  27|0x0000000081b00000, 0x0000000081b00000, 0x0000000081c00000|  0%| F|  |TAMS 0x0000000081b00000| PB 0x0000000081b00000| Untracked 
|  28|0x0000000081c00000, 0x0000000081c00000, 0x0000000081d00000|  0%| F|  |TAMS 0x0000000081c00000| PB 0x0000000081c00000| Untracked 
|  29|0x0000000081d00000, 0x0000000081d00000, 0x0000000081e00000|  0%| F|  |TAMS 0x0000000081d00000| PB 0x0000000081d00000| Untracked 
|  30|0x0000000081e00000, 0x0000000081e00000, 0x0000000081f00000|  0%| F|  |TAMS 0x0000000081e00000| PB 0x0000000081e00000| Untracked 
|  31|0x0000000081f00000, 0x0000000082000000, 0x0000000082000000|100%| E|  |TAMS 0x0000000081f00000| PB 0x0000000081f00000| Complete 
|  32|0x0000000082000000, 0x0000000082100000, 0x0000000082100000|100%| E|CS|TAMS 0x0000000082000000| PB 0x0000000082000000| Complete 
|  33|0x0000000082100000, 0x0000000082200000, 0x0000000082200000|100%| E|CS|TAMS 0x0000000082100000| PB 0x0000000082100000| Complete 
|  34|0x0000000082200000, 0x0000000082300000, 0x0000000082300000|100%| E|CS|TAMS 0x0000000082200000| PB 0x0000000082200000| Complete 
|  35|0x0000000082300000, 0x0000000082400000, 0x0000000082400000|100%| E|CS|TAMS 0x0000000082300000| PB 0x0000000082300000| Complete 
|  36|0x0000000082400000, 0x0000000082500000, 0x0000000082500000|100%| E|CS|TAMS 0x0000000082400000| PB 0x0000000082400000| Complete 
|  37|0x0000000082500000, 0x0000000082600000, 0x0000000082600000|100%| E|CS|TAMS 0x0000000082500000| PB 0x0000000082500000| Complete 
|  38|0x0000000082600000, 0x0000000082700000, 0x0000000082700000|100%| E|CS|TAMS 0x0000000082600000| PB 0x0000000082600000| Complete 
|  39|0x0000000082700000, 0x0000000082800000, 0x0000000082800000|100%| E|CS|TAMS 0x0000000082700000| PB 0x0000000082700000| Complete 
|  40|0x0000000082800000, 0x0000000082900000, 0x0000000082900000|100%| E|CS|TAMS 0x0000000082800000| PB 0x0000000082800000| Complete 
|  41|0x0000000082900000, 0x0000000082a00000, 0x0000000082a00000|100%| E|CS|TAMS 0x0000000082900000| PB 0x0000000082900000| Complete 
|  42|0x0000000082a00000, 0x0000000082b00000, 0x0000000082b00000|100%| E|CS|TAMS 0x0000000082a00000| PB 0x0000000082a00000| Complete 
|  43|0x0000000082b00000, 0x0000000082c00000, 0x0000000082c00000|100%| E|CS|TAMS 0x0000000082b00000| PB 0x0000000082b00000| Complete 
|  44|0x0000000082c00000, 0x0000000082d00000, 0x0000000082d00000|100%| E|CS|TAMS 0x0000000082c00000| PB 0x0000000082c00000| Complete 
|  45|0x0000000082d00000, 0x0000000082e00000, 0x0000000082e00000|100%| E|CS|TAMS 0x0000000082d00000| PB 0x0000000082d00000| Complete 
|  46|0x0000000082e00000, 0x0000000082f00000, 0x0000000082f00000|100%| E|CS|TAMS 0x0000000082e00000| PB 0x0000000082e00000| Complete 
|  47|0x0000000082f00000, 0x0000000083000000, 0x0000000083000000|100%| E|CS|TAMS 0x0000000082f00000| PB 0x0000000082f00000| Complete 
|  48|0x0000000083000000, 0x0000000083100000, 0x0000000083100000|100%| E|CS|TAMS 0x0000000083000000| PB 0x0000000083000000| Complete 
|  49|0x0000000083100000, 0x00000000831df020, 0x0000000083200000| 87%| S|CS|TAMS 0x0000000083100000| PB 0x0000000083100000| Complete 
|  50|0x0000000083200000, 0x0000000083300000, 0x0000000083300000|100%| S|CS|TAMS 0x0000000083200000| PB 0x0000000083200000| Complete 
|  51|0x0000000083300000, 0x0000000083400000, 0x0000000083400000|100%| S|CS|TAMS 0x0000000083300000| PB 0x0000000083300000| Complete 
|  52|0x0000000083400000, 0x0000000083500000, 0x0000000083500000|100%| S|CS|TAMS 0x0000000083400000| PB 0x0000000083400000| Complete 
|  53|0x0000000083500000, 0x0000000083600000, 0x0000000083600000|100%| E|CS|TAMS 0x0000000083500000| PB 0x0000000083500000| Complete 
|  54|0x0000000083600000, 0x0000000083700000, 0x0000000083700000|100%| E|CS|TAMS 0x0000000083600000| PB 0x0000000083600000| Complete 
|  55|0x0000000083700000, 0x0000000083800000, 0x0000000083800000|100%| E|CS|TAMS 0x0000000083700000| PB 0x0000000083700000| Complete 
|  56|0x0000000083800000, 0x0000000083900000, 0x0000000083900000|100%| E|CS|TAMS 0x0000000083800000| PB 0x0000000083800000| Complete 
|  57|0x0000000083900000, 0x0000000083a00000, 0x0000000083a00000|100%| E|CS|TAMS 0x0000000083900000| PB 0x0000000083900000| Complete 
|  58|0x0000000083a00000, 0x0000000083b00000, 0x0000000083b00000|100%| E|CS|TAMS 0x0000000083a00000| PB 0x0000000083a00000| Complete 
|  59|0x0000000083b00000, 0x0000000083c00000, 0x0000000083c00000|100%| E|CS|TAMS 0x0000000083b00000| PB 0x0000000083b00000| Complete 
|  60|0x0000000083c00000, 0x0000000083d00000, 0x0000000083d00000|100%| E|CS|TAMS 0x0000000083c00000| PB 0x0000000083c00000| Complete 
|  95|0x0000000085f00000, 0x0000000086000000, 0x0000000086000000|100%| E|CS|TAMS 0x0000000085f00000| PB 0x0000000085f00000| Complete 
|  96|0x0000000086000000, 0x0000000086100000, 0x0000000086100000|100%| E|CS|TAMS 0x0000000086000000| PB 0x0000000086000000| Complete 
|  97|0x0000000086100000, 0x0000000086200000, 0x0000000086200000|100%| E|CS|TAMS 0x0000000086100000| PB 0x0000000086100000| Complete 
|  98|0x0000000086200000, 0x0000000086300000, 0x0000000086300000|100%| E|CS|TAMS 0x0000000086200000| PB 0x0000000086200000| Complete 
|  99|0x0000000086300000, 0x0000000086400000, 0x0000000086400000|100%| E|CS|TAMS 0x0000000086300000| PB 0x0000000086300000| Complete 
| 100|0x0000000086400000, 0x0000000086500000, 0x0000000086500000|100%| E|CS|TAMS 0x0000000086400000| PB 0x0000000086400000| Complete 
| 101|0x0000000086500000, 0x0000000086600000, 0x0000000086600000|100%| E|CS|TAMS 0x0000000086500000| PB 0x0000000086500000| Complete 
| 102|0x0000000086600000, 0x0000000086700000, 0x0000000086700000|100%| E|CS|TAMS 0x0000000086600000| PB 0x0000000086600000| Complete 
| 127|0x0000000087f00000, 0x0000000088000000, 0x0000000088000000|100%| E|CS|TAMS 0x0000000087f00000| PB 0x0000000087f00000| Complete 

Card table byte_map: [0x0000016cb7e30000,0x0000016cb8230000] _byte_map_base: 0x0000016cb7a30000

Marking Bits: (CMBitMap*) 0x0000016ca5917240
 Bits: [0x0000016cb8230000, 0x0000016cba230000)

Polling page: 0x0000016ca37a0000

Metaspace:

Usage:
  Non-class:     34.02 MB used.
      Class:      5.38 MB used.
       Both:     39.40 MB used.

Virtual space:
  Non-class space:       64.00 MB reserved,      34.56 MB ( 54%) committed,  1 nodes.
      Class space:        1.00 GB reserved,       5.88 MB ( <1%) committed,  1 nodes.
             Both:        1.06 GB reserved,      40.44 MB (  4%) committed. 

Chunk freelists:
   Non-Class:  13.48 MB
       Class:  9.98 MB
        Both:  23.47 MB

MaxMetaspaceSize: unlimited
CompressedClassSpaceSize: 1.00 GB
Initial GC threshold: 21.00 MB
Current GC threshold: 59.00 MB
CDS: off
 - commit_granule_bytes: 65536.
 - commit_granule_words: 8192.
 - virtual_space_node_default_size: 8388608.
 - enlarge_chunks_in_place: 1.
 - use_allocation_guard: 0.


Internal statistics:

num_allocs_failed_limit: 6.
num_arena_births: 1794.
num_arena_deaths: 0.
num_vsnodes_births: 2.
num_vsnodes_deaths: 0.
num_space_committed: 647.
num_space_uncommitted: 0.
num_chunks_returned_to_freelist: 6.
num_chunks_taken_from_freelist: 3191.
num_chunk_merges: 6.
num_chunk_splits: 2092.
num_chunks_enlarged: 1307.
num_inconsistent_stats: 0.

CodeHeap 'non-profiled nmethods': size=120000Kb used=2042Kb max_used=2130Kb free=117957Kb
 bounds [0x0000016cb0500000, 0x0000016cb0770000, 0x0000016cb7a30000]
CodeHeap 'profiled nmethods': size=120000Kb used=6095Kb max_used=6786Kb free=113904Kb
 bounds [0x0000016ca8a30000, 0x0000016ca90e0000, 0x0000016caff60000]
CodeHeap 'non-nmethods': size=5760Kb used=1421Kb max_used=1576Kb free=4338Kb
 bounds [0x0000016caff60000, 0x0000016cb01d0000, 0x0000016cb0500000]
CodeCache: size=245760Kb, used=9558Kb, max_used=10492Kb, free=236199Kb
 total_blobs=3712, nmethods=3118, adapters=498, full_count=0
Compilation: enabled, stopped_count=0, restarted_count=0

Compilation events (20 events):
Event: 4.136 Thread 0x0000016cbc950e80 3546       3       org.objectweb.asm.Type::appendDescriptor (185 bytes)
Event: 4.136 Thread 0x0000016cbcbd7510 3549       4       jdk.internal.org.objectweb.asm.ClassReader::readUnsignedShort (26 bytes)
Event: 4.137 Thread 0x0000016cbc950e80 nmethod 3546 0x0000016ca8e6ca10 code [0x0000016ca8e6cd00, 0x0000016ca8e6d8d0]
Event: 4.137 Thread 0x0000016cbc950e80 3545       3       org.objectweb.asm.Type::getDescriptor (18 bytes)
Event: 4.137 Thread 0x0000016cbc950e80 nmethod 3545 0x0000016ca8c1dc90 code [0x0000016ca8c1de80, 0x0000016ca8c1e210]
Event: 4.137 Thread 0x0000016cbc950e80 3547       3       org.objectweb.asm.ByteVector::<init> (13 bytes)
Event: 4.137 Thread 0x0000016cbc950e80 nmethod 3547 0x0000016ca8b54c90 code [0x0000016ca8b54e40, 0x0000016ca8b55098]
Event: 4.137 Thread 0x0000016cbcbd7510 nmethod 3549 0x0000016cb0561190 code [0x0000016cb0561320, 0x0000016cb0561428]
Event: 4.137 Thread 0x0000016cbc950e80 3548       3       org.objectweb.asm.ByteVector::putByteArray (49 bytes)
Event: 4.137 Thread 0x0000016cbc950e80 nmethod 3548 0x0000016ca8d1df10 code [0x0000016ca8d1e0e0, 0x0000016ca8d1e3a8]
Event: 4.137 Thread 0x0000016cbc950e80 3550       3       jdk.internal.org.objectweb.asm.ClassReader::readInt (52 bytes)
Event: 4.137 Thread 0x0000016cbc950e80 nmethod 3550 0x0000016ca8cdaa90 code [0x0000016ca8cdac40, 0x0000016ca8cdae18]
Event: 4.141 Thread 0x0000016cbc90db00 3552       4       java.util.ImmutableCollections$List12::get (35 bytes)
Event: 4.141 Thread 0x0000016cbc90db00 nmethod 3552 0x0000016cb054c890 code [0x0000016cb054ca20, 0x0000016cb054caf8]
Event: 4.142 Thread 0x0000016cbcbd7510 3553 %     4       java.lang.invoke.LambdaFormBuffer::indexOf @ 2 (33 bytes)
Event: 4.142 Thread 0x0000016cbc90db00 3554       4       java.lang.invoke.LambdaFormBuffer::endEdit (313 bytes)
Event: 4.152 Thread 0x0000016cbcbd7510 nmethod 3553% 0x0000016cb0551f90 code [0x0000016cb0552160, 0x0000016cb0552488]
Event: 4.153 Thread 0x0000016cbcbd7510 3555       4       java.lang.invoke.InvokerBytecodeGenerator::<init> (80 bytes)
Event: 4.169 Thread 0x0000016cbc950e80 3557       3       jdk.internal.reflect.DirectMethodHandleAccessor::methodAccessor (35 bytes)
Event: 4.169 Thread 0x0000016cbc950e80 nmethod 3557 0x0000016ca8cda510 code [0x0000016ca8cda6c0, 0x0000016ca8cda860]

GC Heap History (16 events):
Event: 0.311 GC heap before
{Heap before GC invocations=0 (full 0):
 garbage-first heap   total 131072K, used 13312K [0x0000000080000000, 0x0000000100000000)
  region size 1024K, 13 young (13312K), 0 survivors (0K)
 Metaspace       used 7806K, committed 8000K, reserved 1114112K
  class space    used 737K, committed 832K, reserved 1048576K
}
Event: 0.314 GC heap after
{Heap after GC invocations=1 (full 0):
 garbage-first heap   total 131072K, used 1024K [0x0000000080000000, 0x0000000100000000)
  region size 1024K, 1 young (1024K), 1 survivors (1024K)
 Metaspace       used 7806K, committed 8000K, reserved 1114112K
  class space    used 737K, committed 832K, reserved 1048576K
}
Event: 0.462 GC heap before
{Heap before GC invocations=1 (full 0):
 garbage-first heap   total 131072K, used 24576K [0x0000000080000000, 0x0000000100000000)
  region size 1024K, 25 young (25600K), 1 survivors (1024K)
 Metaspace       used 7974K, committed 8192K, reserved 1114112K
  class space    used 737K, committed 832K, reserved 1048576K
}
Event: 0.464 GC heap after
{Heap after GC invocations=2 (full 0):
 garbage-first heap   total 131072K, used 1594K [0x0000000080000000, 0x0000000100000000)
  region size 1024K, 2 young (2048K), 2 survivors (2048K)
 Metaspace       used 7974K, committed 8192K, reserved 1114112K
  class space    used 737K, committed 832K, reserved 1048576K
}
Event: 1.084 GC heap before
{Heap before GC invocations=2 (full 0):
 garbage-first heap   total 131072K, used 81466K [0x0000000080000000, 0x0000000100000000)
  region size 1024K, 76 young (77824K), 2 survivors (2048K)
 Metaspace       used 12821K, committed 12992K, reserved 1114112K
  class space    used 1404K, committed 1472K, reserved 1048576K
}
Event: 1.089 GC heap after
{Heap after GC invocations=3 (full 0):
 garbage-first heap   total 131072K, used 12128K [0x0000000080000000, 0x0000000100000000)
  region size 1024K, 8 young (8192K), 8 survivors (8192K)
 Metaspace       used 12821K, committed 12992K, reserved 1114112K
  class space    used 1404K, committed 1472K, reserved 1048576K
}
Event: 1.588 GC heap before
{Heap before GC invocations=3 (full 0):
 garbage-first heap   total 131072K, used 83808K [0x0000000080000000, 0x0000000100000000)
  region size 1024K, 76 young (77824K), 8 survivors (8192K)
 Metaspace       used 13417K, committed 13632K, reserved 1114112K
  class space    used 1500K, committed 1600K, reserved 1048576K
}
Event: 1.595 GC heap after
{Heap after GC invocations=4 (full 0):
 garbage-first heap   total 131072K, used 17762K [0x0000000080000000, 0x0000000100000000)
  region size 1024K, 5 young (5120K), 5 survivors (5120K)
 Metaspace       used 13417K, committed 13632K, reserved 1114112K
  class space    used 1500K, committed 1600K, reserved 1048576K
}
Event: 2.087 GC heap before
{Heap before GC invocations=4 (full 0):
 garbage-first heap   total 131072K, used 42338K [0x0000000080000000, 0x0000000100000000)
  region size 1024K, 30 young (30720K), 5 survivors (5120K)
 Metaspace       used 21185K, committed 21504K, reserved 1114112K
  class space    used 2482K, committed 2688K, reserved 1048576K
}
Event: 2.092 GC heap after
{Heap after GC invocations=5 (full 0):
 garbage-first heap   total 131072K, used 20996K [0x0000000080000000, 0x0000000100000000)
  region size 1024K, 8 young (8192K), 8 survivors (8192K)
 Metaspace       used 21185K, committed 21504K, reserved 1114112K
  class space    used 2482K, committed 2688K, reserved 1048576K
}
Event: 2.628 GC heap before
{Heap before GC invocations=6 (full 0):
 garbage-first heap   total 71680K, used 55812K [0x0000000080000000, 0x0000000100000000)
  region size 1024K, 42 young (43008K), 8 survivors (8192K)
 Metaspace       used 27320K, committed 27840K, reserved 1114112K
  class space    used 3426K, committed 3648K, reserved 1048576K
}
Event: 2.635 GC heap after
{Heap after GC invocations=7 (full 0):
 garbage-first heap   total 71680K, used 23052K [0x0000000080000000, 0x0000000100000000)
  region size 1024K, 3 young (3072K), 3 survivors (3072K)
 Metaspace       used 27320K, committed 27840K, reserved 1114112K
  class space    used 3426K, committed 3648K, reserved 1048576K
}
Event: 3.256 GC heap before
{Heap before GC invocations=7 (full 0):
 garbage-first heap   total 71680K, used 62988K [0x0000000080000000, 0x0000000100000000)
  region size 1024K, 41 young (41984K), 3 survivors (3072K)
 Metaspace       used 33093K, committed 33792K, reserved 1114112K
  class space    used 4282K, committed 4608K, reserved 1048576K
}
Event: 3.262 GC heap after
{Heap after GC invocations=8 (full 0):
 garbage-first heap   total 71680K, used 25037K [0x0000000080000000, 0x0000000100000000)
  region size 1024K, 4 young (4096K), 4 survivors (4096K)
 Metaspace       used 33093K, committed 33792K, reserved 1114112K
  class space    used 4282K, committed 4608K, reserved 1048576K
}
Event: 3.625 GC heap before
{Heap before GC invocations=8 (full 0):
 garbage-first heap   total 71680K, used 41421K [0x0000000080000000, 0x0000000100000000)
  region size 1024K, 21 young (21504K), 4 survivors (4096K)
 Metaspace       used 35469K, committed 36160K, reserved 1114112K
  class space    used 4660K, committed 4992K, reserved 1048576K
}
Event: 3.632 GC heap after
{Heap after GC invocations=9 (full 0):
 garbage-first heap   total 71680K, used 26844K [0x0000000080000000, 0x0000000100000000)
  region size 1024K, 4 young (4096K), 4 survivors (4096K)
 Metaspace       used 35469K, committed 36160K, reserved 1114112K
  class space    used 4660K, committed 4992K, reserved 1048576K
}

Dll operation events (3 events):
Event: 0.013 Loaded shared library C:\Program Files\Android\Android Studio\jbr\bin\java.dll
Event: 0.018 Loaded shared library C:\Program Files\Android\Android Studio\jbr\bin\zip.dll
Event: 0.654 Loaded shared library C:\Program Files\Android\Android Studio\jbr\bin\verify.dll

Deoptimization events (20 events):
Event: 3.846 Thread 0x0000016cbcbd61c0 Uncommon trap: trap_request=0xffffff76 fr.pc=0x0000016cb0713620 relative=0x00000000000001e0
Event: 3.846 Thread 0x0000016cbcbd61c0 Uncommon trap: reason=predicate action=maybe_recompile pc=0x0000016cb0713620 method=com.google.common.base.CharMatcher.indexIn(Ljava/lang/CharSequence;I)I @ 19 c2
Event: 3.846 Thread 0x0000016cbcbd61c0 DEOPT PACKING pc=0x0000016cb0713620 sp=0x00000014973fada0
Event: 3.846 Thread 0x0000016cbcbd61c0 DEOPT UNPACKING pc=0x0000016caffb43a2 sp=0x00000014973fad30 mode 2
Event: 3.915 Thread 0x0000016cbcbd61c0 Uncommon trap: trap_request=0xffffff45 fr.pc=0x0000016cb05fc358 relative=0x00000000000007b8
Event: 3.915 Thread 0x0000016cbcbd61c0 Uncommon trap: reason=unstable_if action=reinterpret pc=0x0000016cb05fc358 method=java.util.Properties$LineReader.readLine()I @ 95 c2
Event: 3.915 Thread 0x0000016cbcbd61c0 DEOPT PACKING pc=0x0000016cb05fc358 sp=0x00000014973fae90
Event: 3.915 Thread 0x0000016cbcbd61c0 DEOPT UNPACKING pc=0x0000016caffb43a2 sp=0x00000014973fae40 mode 2
Event: 4.037 Thread 0x0000016cbcbd61c0 Uncommon trap: trap_request=0xffffff45 fr.pc=0x0000016cb0652540 relative=0x0000000000001420
Event: 4.037 Thread 0x0000016cbcbd61c0 Uncommon trap: reason=unstable_if action=reinterpret pc=0x0000016cb0652540 method=sun.nio.fs.WindowsPathParser.isLetter(C)Z @ 3 c2
Event: 4.037 Thread 0x0000016cbcbd61c0 DEOPT PACKING pc=0x0000016cb0652540 sp=0x00000014973f9ad0
Event: 4.037 Thread 0x0000016cbcbd61c0 DEOPT UNPACKING pc=0x0000016caffb43a2 sp=0x00000014973f9a38 mode 2
Event: 4.037 Thread 0x0000016cbcbd61c0 Uncommon trap: trap_request=0xffffff45 fr.pc=0x0000016cb0567374 relative=0x0000000000000054
Event: 4.037 Thread 0x0000016cbcbd61c0 Uncommon trap: reason=unstable_if action=reinterpret pc=0x0000016cb0567374 method=sun.nio.fs.WindowsPathParser.isLetter(C)Z @ 3 c2
Event: 4.037 Thread 0x0000016cbcbd61c0 DEOPT PACKING pc=0x0000016cb0567374 sp=0x00000014973f9a90
Event: 4.037 Thread 0x0000016cbcbd61c0 DEOPT UNPACKING pc=0x0000016caffb43a2 sp=0x00000014973f9a28 mode 2
Event: 4.038 Thread 0x0000016cbcbd61c0 Uncommon trap: trap_request=0xffffffde fr.pc=0x0000016cb0515768 relative=0x00000000000001c8
Event: 4.038 Thread 0x0000016cbcbd61c0 Uncommon trap: reason=class_check action=maybe_recompile pc=0x0000016cb0515768 method=java.lang.String.equals(Ljava/lang/Object;)Z @ 8 c2
Event: 4.038 Thread 0x0000016cbcbd61c0 DEOPT PACKING pc=0x0000016cb0515768 sp=0x00000014973f9c30
Event: 4.038 Thread 0x0000016cbcbd61c0 DEOPT UNPACKING pc=0x0000016caffb43a2 sp=0x00000014973f9bc8 mode 2

Classes loaded (20 events):
Event: 3.666 Loading class java/util/Collections$SingletonMap
Event: 3.666 Loading class java/util/Collections$SingletonMap done
Event: 3.806 Loading class java/util/stream/SliceOps
Event: 3.807 Loading class java/util/stream/SliceOps done
Event: 3.807 Loading class java/util/stream/SliceOps$1
Event: 3.807 Loading class java/util/stream/ReferencePipeline$StatefulOp
Event: 3.807 Loading class java/util/stream/ReferencePipeline$StatefulOp done
Event: 3.807 Loading class java/util/stream/SliceOps$1 done
Event: 3.810 Loading class java/util/stream/SliceOps$1$1
Event: 3.810 Loading class java/util/stream/SliceOps$1$1 done
Event: 3.840 Loading class java/util/concurrent/TimeoutException
Event: 3.840 Loading class java/util/concurrent/TimeoutException done
Event: 3.840 Loading class java/util/concurrent/CancellationException
Event: 3.840 Loading class java/util/concurrent/CancellationException done
Event: 3.878 Loading class java/util/concurrent/locks/AbstractQueuedSynchronizer$SharedNode
Event: 3.878 Loading class java/util/concurrent/locks/AbstractQueuedSynchronizer$SharedNode done
Event: 3.888 Loading class java/util/ArrayDeque$DeqSpliterator
Event: 3.888 Loading class java/util/ArrayDeque$DeqSpliterator done
Event: 4.120 Loading class java/lang/invoke/SerializedLambda
Event: 4.120 Loading class java/lang/invoke/SerializedLambda done

Classes unloaded (0 events):
No events

Classes redefined (0 events):
No events

Internal exceptions (20 events):
Event: 3.934 Thread 0x0000016cbcbd61c0 Exception <a 'sun/nio/fs/WindowsException'{0x0000000082f27790}> (0x0000000082f27790) 
thrown [s\src\hotspot\share\prims\jni.cpp, line 537]
Event: 3.938 Thread 0x0000016cbcbd61c0 Exception <a 'java/lang/NoSuchMethodError'{0x0000000082f65450}: 'void java.lang.invoke.DirectMethodHandle$Holder.invokeInterface(java.lang.Object, java.lang.Object, java.lang.Object, java.lang.Object, java.lang.Object)'> (0x0000000082f65450) 
thrown [s\src\hotspot\share\interpreter\linkResolver.cpp, line 784]
Event: 4.046 Thread 0x0000016cbcbd61c0 Exception <a 'sun/nio/fs/WindowsException'{0x0000000082631e68}> (0x0000000082631e68) 
thrown [s\src\hotspot\share\prims\jni.cpp, line 537]
Event: 4.051 Thread 0x0000016cbcbd61c0 Exception <a 'java/lang/NoSuchMethodError'{0x00000000826b1308}: 'java.lang.Object java.lang.invoke.DirectMethodHandle$Holder.invokeSpecialIFC(java.lang.Object, java.lang.Object, java.lang.Object, java.lang.Object)'> (0x00000000826b1308) 
thrown [s\src\hotspot\share\interpreter\linkResolver.cpp, line 784]
Event: 4.063 Thread 0x0000016cbcbd61c0 Exception <a 'sun/nio/fs/WindowsException'{0x000000008259d1c8}> (0x000000008259d1c8) 
thrown [s\src\hotspot\share\prims\jni.cpp, line 537]
Event: 4.064 Thread 0x0000016cbcbd61c0 Exception <a 'sun/nio/fs/WindowsException'{0x000000008259ec10}> (0x000000008259ec10) 
thrown [s\src\hotspot\share\prims\jni.cpp, line 537]
Event: 4.064 Thread 0x0000016cbcbd61c0 Exception <a 'sun/nio/fs/WindowsException'{0x00000000825a0658}> (0x00000000825a0658) 
thrown [s\src\hotspot\share\prims\jni.cpp, line 537]
Event: 4.064 Thread 0x0000016cbcbd61c0 Exception <a 'sun/nio/fs/WindowsException'{0x00000000825a20a0}> (0x00000000825a20a0) 
thrown [s\src\hotspot\share\prims\jni.cpp, line 537]
Event: 4.064 Thread 0x0000016cbcbd61c0 Exception <a 'sun/nio/fs/WindowsException'{0x00000000825a3ae8}> (0x00000000825a3ae8) 
thrown [s\src\hotspot\share\prims\jni.cpp, line 537]
Event: 4.064 Thread 0x0000016cbcbd61c0 Exception <a 'sun/nio/fs/WindowsException'{0x00000000825a5530}> (0x00000000825a5530) 
thrown [s\src\hotspot\share\prims\jni.cpp, line 537]
Event: 4.064 Thread 0x0000016cbcbd61c0 Exception <a 'sun/nio/fs/WindowsException'{0x00000000825a6f40}> (0x00000000825a6f40) 
thrown [s\src\hotspot\share\prims\jni.cpp, line 537]
Event: 4.064 Thread 0x0000016cbcbd61c0 Exception <a 'sun/nio/fs/WindowsException'{0x00000000825a8950}> (0x00000000825a8950) 
thrown [s\src\hotspot\share\prims\jni.cpp, line 537]
Event: 4.064 Thread 0x0000016cbcbd61c0 Exception <a 'sun/nio/fs/WindowsException'{0x00000000825aa270}> (0x00000000825aa270) 
thrown [s\src\hotspot\share\prims\jni.cpp, line 537]
Event: 4.064 Thread 0x0000016cbcbd61c0 Exception <a 'sun/nio/fs/WindowsException'{0x00000000825abb98}> (0x00000000825abb98) 
thrown [s\src\hotspot\share\prims\jni.cpp, line 537]
Event: 4.064 Thread 0x0000016cbcbd61c0 Exception <a 'sun/nio/fs/WindowsException'{0x00000000825ad4f0}> (0x00000000825ad4f0) 
thrown [s\src\hotspot\share\prims\jni.cpp, line 537]
Event: 4.065 Thread 0x0000016cbcbd61c0 Exception <a 'sun/nio/fs/WindowsException'{0x00000000825b2be0}> (0x00000000825b2be0) 
thrown [s\src\hotspot\share\prims\jni.cpp, line 537]
Event: 4.065 Thread 0x0000016cbcbd61c0 Exception <a 'sun/nio/fs/WindowsException'{0x00000000825b4300}> (0x00000000825b4300) 
thrown [s\src\hotspot\share\prims\jni.cpp, line 537]
Event: 4.094 Thread 0x0000016cbcbd61c0 Exception <a 'sun/nio/fs/WindowsException'{0x00000000824fb200}> (0x00000000824fb200) 
thrown [s\src\hotspot\share\prims\jni.cpp, line 537]
Event: 4.140 Thread 0x0000016cbcbd61c0 Exception <a 'java/lang/NoSuchMethodError'{0x00000000822d87a8}: 'java.lang.Object java.lang.invoke.DirectMethodHandle$Holder.invokeVirtual(java.lang.Object, java.lang.Object, java.lang.Object, java.lang.Object, java.lang.Object, java.lang.Object, java.lang.Object, java.lang.Object, java.lang.Object, java.lang.Object, java.lang.Object, java.lang.Object, java.lang.Object, java.lang.Object, java.lang.Object, java.lang.Object, java.lang.Object, java.lang.Object, java.lang.Object, java.lang.Object, java.lang.Ob
Event: 4.140 Thread 0x0000016cbcbd61c0 Exception <a 'java/lang/NoSuchMethodError'{0x00000000822df018}: 'java.lang.Object java.lang.invoke.DelegatingMethodHandle$Holder.reinvoke_L(java.lang.Object, java.lang.Object, java.lang.Object, java.lang.Object, java.lang.Object, java.lang.Object, java.lang.Object, java.lang.Object, java.lang.Object, java.lang.Object, java.lang.Object, java.lang.Object, java.lang.Object, java.lang.Object, java.lang.Object, java.lang.Object, java.lang.Object, java.lang.Object, java.lang.Object, java.lang.Object, java.lang.O

ZGC Phase Switch (0 events):
No events

VM Operations (20 events):
Event: 2.104 Executing VM operation: G1PauseCleanup
Event: 2.106 Executing VM operation: G1PauseCleanup done
Event: 2.460 Executing VM operation: HandshakeAllThreads (Deoptimize)
Event: 2.460 Executing VM operation: HandshakeAllThreads (Deoptimize) done
Event: 2.628 Executing VM operation: G1CollectForAllocation (G1 Evacuation Pause)
Event: 2.635 Executing VM operation: G1CollectForAllocation (G1 Evacuation Pause) done
Event: 2.669 Executing VM operation: HandshakeAllThreads (Deoptimize)
Event: 2.669 Executing VM operation: HandshakeAllThreads (Deoptimize) done
Event: 2.669 Executing VM operation: HandshakeAllThreads (Deoptimize)
Event: 2.669 Executing VM operation: HandshakeAllThreads (Deoptimize) done
Event: 3.256 Executing VM operation: G1CollectForAllocation (G1 Evacuation Pause)
Event: 3.262 Executing VM operation: G1CollectForAllocation (G1 Evacuation Pause) done
Event: 3.625 Executing VM operation: CollectForMetadataAllocation (Metadata GC Threshold)
Event: 3.632 Executing VM operation: CollectForMetadataAllocation (Metadata GC Threshold) done
Event: 3.654 Executing VM operation: G1PauseRemark
Event: 3.657 Executing VM operation: G1PauseRemark done
Event: 3.663 Executing VM operation: G1PauseCleanup
Event: 3.663 Executing VM operation: G1PauseCleanup done
Event: 4.018 Executing VM operation: HandshakeAllThreads (Deoptimize)
Event: 4.018 Executing VM operation: HandshakeAllThreads (Deoptimize) done

Memory protections (0 events):
No events

Nmethod flushes (20 events):
Event: 3.656 Thread 0x0000016cbc8bb050 flushing  nmethod 0x0000016ca8b21b90
Event: 3.656 Thread 0x0000016cbc8bb050 flushing  nmethod 0x0000016ca8b82610
Event: 3.656 Thread 0x0000016cbc8bb050 flushing  nmethod 0x0000016ca8b89290
Event: 3.656 Thread 0x0000016cbc8bb050 flushing  nmethod 0x0000016ca8b8a390
Event: 3.656 Thread 0x0000016cbc8bb050 flushing  nmethod 0x0000016ca8b8b610
Event: 3.656 Thread 0x0000016cbc8bb050 flushing  nmethod 0x0000016ca8b8ee10
Event: 3.656 Thread 0x0000016cbc8bb050 flushing  nmethod 0x0000016ca8b90b90
Event: 3.656 Thread 0x0000016cbc8bb050 flushing  nmethod 0x0000016ca8bf7990
Event: 3.656 Thread 0x0000016cbc8bb050 flushing  nmethod 0x0000016ca8c38110
Event: 3.656 Thread 0x0000016cbc8bb050 flushing  nmethod 0x0000016ca8c3fe10
Event: 3.656 Thread 0x0000016cbc8bb050 flushing  nmethod 0x0000016ca8c93590
Event: 3.656 Thread 0x0000016cbc8bb050 flushing  nmethod 0x0000016ca8c95690
Event: 3.656 Thread 0x0000016cbc8bb050 flushing  nmethod 0x0000016ca8cd5490
Event: 3.656 Thread 0x0000016cbc8bb050 flushing  nmethod 0x0000016ca8cd8090
Event: 3.656 Thread 0x0000016cbc8bb050 flushing  nmethod 0x0000016ca8cd8410
Event: 3.656 Thread 0x0000016cbc8bb050 flushing  nmethod 0x0000016ca8d0ca90
Event: 3.656 Thread 0x0000016cbc8bb050 flushing  nmethod 0x0000016ca8de3090
Event: 3.656 Thread 0x0000016cbc8bb050 flushing  nmethod 0x0000016ca8e70510
Event: 3.656 Thread 0x0000016cbc8bb050 flushing  nmethod 0x0000016ca8ee1510
Event: 3.656 Thread 0x0000016cbc8bb050 flushing  nmethod 0x0000016ca8ee1a90

Events (20 events):
Event: 1.765 Thread 0x0000016ca58c1090 Thread added: 0x0000016cbcbd4e10
Event: 1.836 Loaded shared library C:\Program Files\Android\Android Studio\jbr\bin\extnet.dll
Event: 1.940 Thread 0x0000016ca58c1090 Thread added: 0x0000016cbcbd54a0
Event: 2.007 Thread 0x0000016ca58c1090 Thread added: 0x0000016cbcbd2d40
Event: 2.046 Thread 0x0000016cbcbd54a0 Thread added: 0x0000016cbcbd33d0
Event: 2.049 Thread 0x0000016cbcbd33d0 Thread added: 0x0000016cbcbd5b30
Event: 2.071 Thread 0x0000016cbcbd33d0 Thread added: 0x0000016cbcbd3a60
Event: 2.078 Thread 0x0000016cbcbd33d0 Thread added: 0x0000016cbcbd61c0
Event: 2.087 Thread 0x0000016cbcbd61c0 Thread added: 0x0000016cc36c40c0
Event: 2.097 Thread 0x0000016cbcbd61c0 Thread added: 0x0000016cc36c6eb0
Event: 2.104 Thread 0x0000016cbcbd61c0 Thread added: 0x0000016cc36c1ff0
Event: 2.461 Thread 0x0000016cbcbd61c0 Thread added: 0x0000016cc36c12d0
Event: 2.467 Thread 0x0000016cbcbd61c0 Thread added: 0x0000016cc36c2680
Event: 2.517 Thread 0x0000016cbcbd61c0 Thread added: 0x0000016cc36c1960
Event: 3.618 Thread 0x0000016cbcbd61c0 Thread added: 0x0000016cc36c2d10
Event: 3.668 Thread 0x0000016cbcbd61c0 Thread added: 0x0000016cc36c5b00
Event: 3.878 Thread 0x0000016cbcbd61c0 Thread added: 0x0000016cc36c3a30
Event: 3.884 Thread 0x0000016cbcbd61c0 Thread added: 0x0000016cc36c6820
Event: 4.045 Thread 0x0000016cbcbd61c0 Thread added: 0x0000016cc36c6190
Event: 4.090 Thread 0x0000016cbcbd61c0 Thread added: 0x0000016cc36bff20


Dynamic libraries:
0x00007ff728750000 - 0x00007ff72875a000 	C:\Program Files\Android\Android Studio\jbr\bin\java.exe
0x00007ffddf370000 - 0x00007ffddf568000 	C:\Windows\SYSTEM32\ntdll.dll
0x00007ffdde4c0000 - 0x00007ffdde582000 	C:\Windows\System32\KERNEL32.DLL
0x00007ffddcde0000 - 0x00007ffddd0d6000 	C:\Windows\System32\KERNELBASE.dll
0x00007ffddca80000 - 0x00007ffddcb80000 	C:\Windows\System32\ucrtbase.dll
0x00007ffd720b0000 - 0x00007ffd720cb000 	C:\Program Files\Android\Android Studio\jbr\bin\VCRUNTIME140.dll
0x00007ffdd9160000 - 0x00007ffdd9178000 	C:\Program Files\Android\Android Studio\jbr\bin\jli.dll
0x00007ffddebd0000 - 0x00007ffdded71000 	C:\Windows\System32\USER32.dll
0x00007ffddbd30000 - 0x00007ffddbfcb000 	C:\Windows\WinSxS\amd64_microsoft.windows.common-controls_6595b64144ccf1df_6.0.19041.6456_none_60b8a6cb71f64256\COMCTL32.dll
0x00007ffddca50000 - 0x00007ffddca72000 	C:\Windows\System32\win32u.dll
0x00007ffddd720000 - 0x00007ffddd7be000 	C:\Windows\System32\msvcrt.dll
0x00007ffdded80000 - 0x00007ffddedab000 	C:\Windows\System32\GDI32.dll
0x00007ffddcc10000 - 0x00007ffddcd29000 	C:\Windows\System32\gdi32full.dll
0x00007ffddd2f0000 - 0x00007ffddd38d000 	C:\Windows\System32\msvcp_win.dll
0x00007ffddd4c0000 - 0x00007ffddd4ef000 	C:\Windows\System32\IMM32.DLL
0x00007ffd77490000 - 0x00007ffd7749c000 	C:\Program Files\Android\Android Studio\jbr\bin\vcruntime140_1.dll
0x00007ffdbfae0000 - 0x00007ffdbfb6d000 	C:\Program Files\Android\Android Studio\jbr\bin\msvcp140.dll
0x00007ffd70ea0000 - 0x00007ffd71b36000 	C:\Program Files\Android\Android Studio\jbr\bin\server\jvm.dll
0x00007ffdde6c0000 - 0x00007ffdde771000 	C:\Windows\System32\ADVAPI32.dll
0x00007ffdde0e0000 - 0x00007ffdde17f000 	C:\Windows\System32\sechost.dll
0x00007ffddd550000 - 0x00007ffddd670000 	C:\Windows\System32\RPCRT4.dll
0x00007ffddd0e0000 - 0x00007ffddd107000 	C:\Windows\System32\bcrypt.dll
0x00007ffddeae0000 - 0x00007ffddeb4b000 	C:\Windows\System32\WS2_32.dll
0x00007ffddc7b0000 - 0x00007ffddc7fb000 	C:\Windows\SYSTEM32\POWRPROF.dll
0x00007ffdcc6a0000 - 0x00007ffdcc6c7000 	C:\Windows\SYSTEM32\WINMM.dll
0x00007ffdd63a0000 - 0x00007ffdd63aa000 	C:\Windows\SYSTEM32\VERSION.dll
0x00007ffddc790000 - 0x00007ffddc7a2000 	C:\Windows\SYSTEM32\UMPDC.dll
0x00007ffdd9a60000 - 0x00007ffdd9a72000 	C:\Windows\SYSTEM32\kernel.appcore.dll
0x00007ffd75c70000 - 0x00007ffd75c7a000 	C:\Program Files\Android\Android Studio\jbr\bin\jimage.dll
0x00007ffddc340000 - 0x00007ffddc541000 	C:\Windows\SYSTEM32\DBGHELP.DLL
0x00007ffddc0e0000 - 0x00007ffddc114000 	C:\Windows\SYSTEM32\dbgcore.DLL
0x00007ffddcb80000 - 0x00007ffddcc02000 	C:\Windows\System32\bcryptPrimitives.dll
0x00007ffdd9e70000 - 0x00007ffdd9e7e000 	C:\Program Files\Android\Android Studio\jbr\bin\instrument.dll
0x00007ffd72090000 - 0x00007ffd720b0000 	C:\Program Files\Android\Android Studio\jbr\bin\java.dll
0x00007ffd72070000 - 0x00007ffd72088000 	C:\Program Files\Android\Android Studio\jbr\bin\zip.dll
0x00007ffddd7c0000 - 0x00007ffdddf30000 	C:\Windows\System32\SHELL32.dll
0x00007ffdda3f0000 - 0x00007ffddab95000 	C:\Windows\SYSTEM32\windows.storage.dll
0x00007ffdde780000 - 0x00007ffddead4000 	C:\Windows\System32\combase.dll
0x00007ffddbc90000 - 0x00007ffddbcbb000 	C:\Windows\SYSTEM32\Wldp.dll
0x00007ffdde2c0000 - 0x00007ffdde38d000 	C:\Windows\System32\OLEAUT32.dll
0x00007ffdde590000 - 0x00007ffdde63d000 	C:\Windows\System32\SHCORE.dll
0x00007ffdde180000 - 0x00007ffdde1db000 	C:\Windows\System32\shlwapi.dll
0x00007ffddc930000 - 0x00007ffddc954000 	C:\Windows\SYSTEM32\profapi.dll
0x00007ffd75670000 - 0x00007ffd75680000 	C:\Program Files\Android\Android Studio\jbr\bin\net.dll
0x00007ffdd52d0000 - 0x00007ffdd53da000 	C:\Windows\SYSTEM32\WINHTTP.dll
0x00007ffddbb90000 - 0x00007ffddbbfa000 	C:\Windows\system32\mswsock.dll
0x00007ffd72050000 - 0x00007ffd72066000 	C:\Program Files\Android\Android Studio\jbr\bin\nio.dll
0x00007ffdc5630000 - 0x00007ffdc5640000 	C:\Program Files\Android\Android Studio\jbr\bin\verify.dll
0x00007ffdd9c60000 - 0x00007ffdd9c87000 	C:\Users\PC\.gradle\native\660c5614fbf4a5f2a75b1949f50a0caf5cd603558e7d8a26e50b933a0cfb79d1\windows-amd64\native-platform.dll
0x00007ffdbe660000 - 0x00007ffdbe6d7000 	C:\Users\PC\.gradle\native\0.2.8\x86_64-windows-gnu\gradle-fileevents.dll
0x00007ffd70b10000 - 0x00007ffd70b19000 	C:\Program Files\Android\Android Studio\jbr\bin\management.dll
0x00007ffd70b00000 - 0x00007ffd70b0b000 	C:\Program Files\Android\Android Studio\jbr\bin\management_ext.dll
0x00007ffdde640000 - 0x00007ffdde648000 	C:\Windows\System32\PSAPI.DLL
0x00007ffddb6d0000 - 0x00007ffddb70b000 	C:\Windows\SYSTEM32\IPHLPAPI.DLL
0x00007ffddd4b0000 - 0x00007ffddd4b8000 	C:\Windows\System32\NSI.dll
0x00007ffd71f60000 - 0x00007ffd71f69000 	C:\Program Files\Android\Android Studio\jbr\bin\extnet.dll
0x00007ffddc700000 - 0x00007ffddc718000 	C:\Windows\SYSTEM32\CRYPTSP.dll
0x00007ffddb370000 - 0x00007ffddb3a8000 	C:\Windows\system32\rsaenh.dll
0x00007ffddc8f0000 - 0x00007ffddc91e000 	C:\Windows\SYSTEM32\USERENV.dll
0x00007ffddbc80000 - 0x00007ffddbc8c000 	C:\Windows\SYSTEM32\CRYPTBASE.dll
0x00007ffd74f20000 - 0x00007ffd74f27000 	C:\Windows\system32\wshunix.dll

JVMTI agents:
C:\Users\PC\.gradle\wrapper\dists\gradle-9.3.1-bin\23ovyewtku6u96viwx3xl3oks\gradle-9.3.1\lib\agents\gradle-instrumentation-agent-9.3.1.jar path:C:\Program Files\Android\Android Studio\jbr\bin\instrument.dll, loaded, initialized, instrumentlib options:none

dbghelp: loaded successfully - version: 4.0.5 - missing functions: none
symbol engine: initialized successfully - sym options: 0x614 - pdb path: .;C:\Program Files\Android\Android Studio\jbr\bin;C:\Windows\SYSTEM32;C:\Windows\WinSxS\amd64_microsoft.windows.common-controls_6595b64144ccf1df_6.0.19041.6456_none_60b8a6cb71f64256;C:\Program Files\Android\Android Studio\jbr\bin\server;C:\Users\PC\.gradle\native\660c5614fbf4a5f2a75b1949f50a0caf5cd603558e7d8a26e50b933a0cfb79d1\windows-amd64;C:\Users\PC\.gradle\native\0.2.8\x86_64-windows-gnu

VM Arguments:
jvm_args: --add-opens=java.base/java.lang=ALL-UNNAMED --add-opens=java.base/java.lang.invoke=ALL-UNNAMED --add-opens=java.base/java.util=ALL-UNNAMED --add-opens=java.prefs/java.util.prefs=ALL-UNNAMED --add-exports=jdk.compiler/com.sun.tools.javac.api=ALL-UNNAMED --add-exports=jdk.compiler/com.sun.tools.javac.util=ALL-UNNAMED --add-opens=java.base/java.util=ALL-UNNAMED --add-opens=java.prefs/java.util.prefs=ALL-UNNAMED --add-opens=java.base/java.nio.charset=ALL-UNNAMED --add-opens=java.base/java.net=ALL-UNNAMED --add-opens=java.base/java.util.concurrent=ALL-UNNAMED --add-opens=java.base/java.util.concurrent.atomic=ALL-UNNAMED --add-opens=java.xml/javax.xml.namespace=ALL-UNNAMED --add-opens=java.base/java.time=ALL-UNNAMED -Xmx2048m -Dfile.encoding=UTF-8 -Duser.country=IN -Duser.language=en -Duser.variant -javaagent:C:\Users\PC\.gradle\wrapper\dists\gradle-9.3.1-bin\23ovyewtku6u96viwx3xl3oks\gradle-9.3.1\lib\agents\gradle-instrumentation-agent-9.3.1.jar 
java_command: org.gradle.launcher.daemon.bootstrap.GradleDaemon 9.3.1
java_class_path (initial): C:\Users\PC\.gradle\wrapper\dists\gradle-9.3.1-bin\23ovyewtku6u96viwx3xl3oks\gradle-9.3.1\lib\gradle-daemon-main-9.3.1.jar
Launcher Type: SUN_STANDARD

[Global flags]
     intx CICompilerCount                          = 3                                         {product} {ergonomic}
     uint ConcGCThreads                            = 1                                         {product} {ergonomic}
     uint G1ConcRefinementThreads                  = 4                                         {product} {ergonomic}
   size_t G1HeapRegionSize                         = 1048576                                   {product} {ergonomic}
    uintx GCDrainStackTargetSize                   = 64                                        {product} {ergonomic}
   size_t InitialHeapSize                          = 134217728                                 {product} {ergonomic}
   size_t MarkStackSize                            = 4194304                                   {product} {ergonomic}
   size_t MaxHeapSize                              = 2147483648                                {product} {command line}
   size_t MaxNewSize                               = 1287651328                                {product} {ergonomic}
   size_t MinHeapDeltaBytes                        = 1048576                                   {product} {ergonomic}
   size_t MinHeapSize                              = 8388608                                   {product} {ergonomic}
    uintx NonNMethodCodeHeapSize                   = 5832780                                {pd product} {ergonomic}
    uintx NonProfiledCodeHeapSize                  = 122912730                              {pd product} {ergonomic}
    uintx ProfiledCodeHeapSize                     = 122912730                              {pd product} {ergonomic}
    uintx ReservedCodeCacheSize                    = 251658240                              {pd product} {ergonomic}
     bool SegmentedCodeCache                       = true                                      {product} {ergonomic}
   size_t SoftMaxHeapSize                          = 2147483648                             {manageable} {ergonomic}
     bool UseCompressedOops                        = true                           {product lp64_product} {ergonomic}
     bool UseG1GC                                  = true                                      {product} {ergonomic}
     bool UseLargePagesIndividualAllocation        = false                                  {pd product} {ergonomic}

Logging:
Log output configuration:
 #0: stdout all=warning uptime,level,tags foldmultilines=false
 #1: stderr all=off uptime,level,tags foldmultilines=false

Release file:
JAVA_VERSION="21.0.9" 
MODULES="java.base java.compiler java.datatransfer java.xml java.prefs java.desktop java.instrument java.logging java.management java.security.sasl java.naming java.rmi java.management.rmi java.net.http java.scripting java.security.jgss java.transaction.xa java.sql java.sql.rowset java.xml.crypto java.se java.smartcardio jdk.accessibility jdk.internal.jvmstat jdk.attach jdk.charsets jdk.internal.opt jdk.zipfs jdk.compiler jdk.crypto.ec jdk.crypto.cryptoki jdk.dynalink jdk.hotspot.agent jdk.httpserver jdk.internal.ed jdk.internal.le jdk.internal.vm.ci jdk.jartool jdk.javadoc jdk.jcmd jdk.jdeps jdk.jdwp.agent jdk.jdi jdk.jfr jdk.jlink jdk.jsobject jdk.localedata jdk.management jdk.management.agent jdk.management.jfr jdk.naming.dns jdk.naming.rmi jdk.net jdk.sctp jdk.security.auth jdk.security.jgss jdk.unsupported jdk.unsupported.desktop jdk.xml.dom" 
IMPLEMENTOR="JetBrains s.r.o." 
JAVA_RUNTIME_VERSION="21.0.9+-14787801-b1163.94" 
LIBC="default" 
OS_ARCH="x86_64" 
OS_NAME="Windows" 
SOURCE=".:git:0c757ddc9f2f" 

Environment Variables:
JAVA_HOME=C:\Program Files\Microsoft\jdk-17.0.18.8-hotspot
PATH=C:\Windows\system32;C:\Windows;C:\Windows\System32\Wbem;C:\Windows\System32\WindowsPowerShell\v1.0\;C:\Windows\System32\OpenSSH\;C:\Users\PC\AppData\Local\Android\Sdk\platforms;C:\Users\PC\AppData\Local\Android\Sdk\build-tools;C:\Users\PC\AppData\Local\Android\Sdk\emulator;C:\Users\PC\AppData\Local\Android\Sdk\platform-tools;C:\Program Files\Microsoft\jdk-17.0.18.8-hotspot;C:\Users\PC\AppData\Local\Android\Sdk;C:\Program Files\Microsoft\jdk-17.0.18.8-hotspot\bin;C:\Program Files\Microsoft SQL Server\170\Tools\Binn\;C:\Program Files\Microsoft SQL Server\Client SDK\ODBC\170\Tools\Binn\;C:\Program Files\dotnet\;C:\Users\PC\AppData\Local\nvm;C:\nvm4w\nodejs;C:\Program Files (x86)\Microsoft SQL Server\150\DTS\Binn\;C:\Users\PC\AppData\Local\Microsoft\WindowsApps;C:\Users\PC\AppData\Local\Programs\Microsoft VS Code\bin;C:\Users\PC\AppData\Local\Android\Sdk\platform-tools;C:\Program Files\Microsoft\jdk-17.0.18.8-hotspot;C:\Users\PC\AppData\Local\Android\Sdk;C:\Users\PC\AppData\Local\Android\Sdk\emulator;C:\Users\PC\AppData\Local\Android\Sdk\build-tools;C:\Users\PC\AppData\Local\Android\Sdk\platforms;C:\Program Files\Microsoft\jdk-17.0.18.8-hotspot\bin;C:\Users\PC\.dotnet\tools;C:\Users\PC\AppData\Local\nvm;C:\nvm4w\nodejs
USERNAME=PC
OS=Windows_NT
PROCESSOR_IDENTIFIER=Intel64 Family 6 Model 94 Stepping 3, GenuineIntel
TMP=C:\Users\PC\AppData\Local\Temp
TEMP=C:\Users\PC\AppData\Local\Temp




Periodic native trim disabled

JNI global refs:
JNI global refs: 24, weak refs: 1

JNI global refs memory usage: 835, weak refs: 833

Process memory usage:
Resident Set Size: 228564K (2% of 8266340K total physical memory with 1039816K free physical memory)

OOME stack traces (most recent first):
Classloader memory used:
Loader org.gradle.internal.classloader.VisitableURLClassLoader                         : 18734K
Loader bootstrap                                                                       : 18191K
Loader org.gradle.initialization.MixInLegacyTypesClassLoader                           : 3071K
Loader jdk.internal.loader.ClassLoaders$AppClassLoader                                 : 229K
Loader jdk.internal.loader.ClassLoaders$PlatformClassLoader                            : 136K

Classes loaded by more than one classloader:
Class org.gradle.internal.classloader.FilteringClassLoader                            : loaded 2 times (x 105B)
Class org.gradle.internal.classloader.ClassLoaderHierarchy                            : loaded 2 times (x 70B)
Class org.gradle.api.internal.classpath.ManifestUtil                                  : loaded 2 times (x 71B)
Class org.gradle.internal.classloader.DefaultClassLoaderFactory                       : loaded 2 times (x 82B)
Class org.gradle.internal.classloader.ClassLoaderVisitor                              : loaded 2 times (x 76B)
Class org.gradle.api.internal.classpath.EffectiveClassPath                            : loaded 2 times (x 90B)
Class org.gradle.api.internal.DefaultClassPathProvider                                : loaded 2 times (x 76B)
Class [Lorg.gradle.api.internal.ClassPathProvider;                                    : loaded 2 times (x 69B)
Class org.gradle.api.internal.ClassPathProvider                                       : loaded 2 times (x 70B)
Class org.gradle.internal.service.UnknownServiceException                             : loaded 2 times (x 83B)
Class org.gradle.internal.classpath.TransformedClassPath                              : loaded 2 times (x 96B)
Class org.gradle.internal.classloader.InstrumentingClassLoader                        : loaded 2 times (x 70B)
Class org.gradle.internal.service.ServiceLocator                                      : loaded 2 times (x 70B)
Class org.gradle.internal.classloader.ClasspathUtil$1                                 : loaded 2 times (x 76B)
Class org.gradle.api.internal.classpath.DefaultModuleRegistry$DefaultModule           : loaded 2 times (x 86B)
Class org.gradle.api.internal.classpath.Module                                        : loaded 2 times (x 70B)
Class org.gradle.api.internal.classpath.UnknownModuleException                        : loaded 2 times (x 82B)
Class org.gradle.api.internal.DefaultClassPathRegistry                                : loaded 2 times (x 76B)
Class org.gradle.api.internal.ClassPathRegistry                                       : loaded 2 times (x 70B)
Class org.gradle.internal.classpath.DefaultClassPath$ImmutableUniqueList              : loaded 2 times (x 199B)
Class org.gradle.internal.classpath.ClassPath                                         : loaded 2 times (x 70B)
Class org.gradle.api.internal.classpath.ModuleRegistry                                : loaded 2 times (x 70B)
Class org.gradle.internal.installation.GradleInstallation$1                           : loaded 2 times (x 75B)
Class org.gradle.api.internal.classpath.DefaultModuleRegistry                         : loaded 2 times (x 86B)
Class org.gradle.internal.service.ServiceLookupException                              : loaded 2 times (x 82B)
Class org.gradle.internal.classloader.ClassLoaderFactory                              : loaded 2 times (x 70B)
Class org.gradle.internal.service.CachingServiceLocator                               : loaded 2 times (x 82B)
Class org.gradle.internal.classloader.ClasspathUtil                                   : loaded 2 times (x 71B)
Class org.gradle.api.specs.Spec                                                       : loaded 2 times (x 70B)
Class org.gradle.internal.classloader.VisitableURLClassLoader$InstrumentingVisitableURLClassLoader: loaded 2 times (x 123B)
Class org.gradle.internal.classloader.VisitableURLClassLoader$Spec                    : loaded 2 times (x 74B)
Class org.gradle.internal.classpath.DefaultClassPath                                  : loaded 2 times (x 90B)
Class org.gradle.internal.classloader.ClassLoaderSpec                                 : loaded 2 times (x 71B)
Class org.gradle.internal.classloader.VisitableURLClassLoader                         : loaded 2 times (x 117B)
Class org.gradle.internal.Cast                                                        : loaded 2 times (x 71B)
Class org.gradle.api.Action                                                           : loaded 2 times (x 70B)
Class org.gradle.internal.classpath.DefaultClassPath$ImmutableUniqueList$Builder      : loaded 2 times (x 75B)
Class org.gradle.api.GradleException                                                  : loaded 2 times (x 82B)
Class org.gradle.internal.IoActions                                                   : loaded 2 times (x 71B)
Class org.gradle.internal.classloader.SystemClassLoaderSpec                           : loaded 2 times (x 71B)
Class org.gradle.api.internal.classpath.GlobalCacheRootsProvider                      : loaded 2 times (x 70B)
Class org.gradle.internal.installation.CurrentGradleInstallationLocator               : loaded 2 times (x 71B)
Class org.gradle.internal.service.DefaultServiceLocator                               : loaded 2 times (x 83B)
Class org.gradle.internal.installation.CurrentGradleInstallation                      : loaded 2 times (x 73B)
Class org.gradle.util.internal.GUtil                                                  : loaded 2 times (x 71B)
Class org.gradle.internal.installation.GradleInstallation                             : loaded 2 times (x 75B)

---------------  S Y S T E M  ---------------

OS:
 Windows 10 , 64 bit Build 19041 (10.0.19041.5915)
OS uptime: 0 days 0:07 hours

CPU: total 4 (initial active 4) (4 cores per cpu, 1 threads per core) family 6 model 94 stepping 3 microcode 0xcc, cx8, cmov, fxsr, mmx, 3dnowpref, sse, sse2, sse3, ssse3, sse4.1, sse4.2, popcnt, lzcnt, tsc, tscinvbit, avx, avx2, aes, erms, clmul, bmi1, bmi2, adx, fma, vzeroupper, clflush, clflushopt, rdtscp, f16c
Processor Information for the first 4 processors :
  Max Mhz: 2712, Current Mhz: 2712, Mhz Limit: 2712

Memory: 4k page, system-wide physical 8072M (1015M free)
TotalPageFile size 18312M (AvailPageFile size 10573M)
current process WorkingSet (physical memory assigned to process): 223M, peak: 227M
current process commit charge ("private bytes"): 253M, peak: 259M

vm_info: OpenJDK 64-Bit Server VM (21.0.9+-14787801-b1163.94) for windows-amd64 JRE (21.0.9+-14787801-b1163.94), built on 2026-01-27T21:15:44Z by "builder" with MS VC++ 16.10 / 16.11 (VS2019)

END.
